<?xml version="1.0" encoding="UTF-8" ?>
<testsuite failures="0" time="27.095" errors="0" skipped="0" tests="4" name="InjectedTest">
  <properties>
[...]
</properties>
  <testcase time="0.343" classname="org.jvnet.hudson.test.JellyTestSuiteBuilder$JellyCheck" name="\/C:\/Projects\/PRQA-plugin\/target\/classes\/net\/praqma\/jenkins\/plugin\/prqa\/notifier\/PRQANotifier\/config.jelly"/>
  <testcase time="0" classname="org.jvnet.hudson.test.JellyTestSuiteBuilder$JellyCheck" name="\/C:\/Projects\/PRQA-plugin\/target\/classes\/net\/praqma\/jenkins\/plugin\/prqa\/notifier\/PRQAProjectAction\/floatingBox.jelly"/>
  <testcase time="0" classname="org.jvnet.hudson.test.junit.FailedTest" name="org.jvnet.hudson.test.JellyTestSuiteBuilder$JellyTestSuite"/>
  <testcase time="5.294" classname="org.jvnet.hudson.test.PluginAutomaticTestBuilder$CliSanityTest" name="testCliSanity"/>
</testsuite>